SF:/workspaces/cs690.Final.Project/TaskTrackerSolution/TaskTracker.Processors/ConsoleOutputProcessor.cs
FN:11,Spectre.Console.Table TaskTracker.Processors.ConsoleOutputProcessor::AsSpecterTable(TaskTracker.Models.TaskEntry)
FNDA:12,Spectre.Console.Table TaskTracker.Processors.ConsoleOutputProcessor::AsSpecterTable(TaskTracker.Models.TaskEntry)
DA:12,12
DA:14,12
DA:17,12
DA:18,12
DA:21,12
DA:22,12
DA:23,12
DA:24,12
DA:25,12
DA:26,12
DA:27,12
DA:29,12
DA:30,12
FN:32,Spectre.Console.Table TaskTracker.Processors.ConsoleOutputProcessor::AsSpecterTable(TaskTracker.Models.UserModel)
FNDA:1,Spectre.Console.Table TaskTracker.Processors.ConsoleOutputProcessor::AsSpecterTable(TaskTracker.Models.UserModel)
DA:33,1
DA:35,1
DA:38,1
DA:39,1
DA:40,1
DA:43,0
DA:44,0
DA:46,0
DA:47,0
DA:49,0
DA:50,0
DA:52,1
DA:53,1
DA:57,1
DA:58,1
DA:59,1
DA:60,1
DA:61,1
DA:62,1
DA:63,1
DA:64,1
DA:67,1
DA:68,1
DA:71,0
DA:72,0
DA:74,0
DA:75,0
DA:77,2
DA:78,1
DA:80,0
DA:81,0
DA:85,5
DA:86,1
DA:87,1
DA:88,1
DA:89,1
DA:90,1
DA:91,1
DA:92,1
DA:93,1
DA:94,1
DA:95,1
DA:96,1
DA:97,1
DA:99,1
DA:100,1
BRDA:40,34,0,1
BRDA:40,34,1,0
BRDA:40,34,2,0
BRDA:40,34,4,0
BRDA:40,60,1,1
BRDA:40,34,3,1
BRDA:40,60,0,1
BRDA:68,232,0,1
BRDA:68,239,0,1
BRDA:68,232,1,0
BRDA:68,239,1,0
BRDA:68,246,1,1
BRDA:68,246,0,0
BRDA:85,587,1,1
BRDA:85,587,0,1
LF:59
LH:47
BRF:15
BRH:9
FNF:2
FNH:2
end_of_record
SF:/workspaces/cs690.Final.Project/TaskTrackerSolution/TaskTracker.Processors/IOOperations.cs
FN:9,System.String TaskTracker.Processors.IOOperationsHelper::GetUserModelFileName(TaskTracker.Models.UserModel)
FNDA:9,System.String TaskTracker.Processors.IOOperationsHelper::GetUserModelFileName(TaskTracker.Models.UserModel)
DA:10,9
FN:12,System.String TaskTracker.Processors.IOOperationsHelper::GetUserModelFileNameFromUserName(System.String)
FNDA:21,System.String TaskTracker.Processors.IOOperationsHelper::GetUserModelFileNameFromUserName(System.String)
DA:13,21
FN:22,System.Void TaskTracker.Processors.IOOperations::SaveUserModel(TaskTracker.Models.UserModel)
FNDA:7,System.Void TaskTracker.Processors.IOOperations::SaveUserModel(TaskTracker.Models.UserModel)
DA:23,7
DA:25,7
DA:28,7
DA:30,7
DA:31,14
FN:32,System.Void TaskTracker.Processors.IOOperations::createBlackUserModelFile(System.String)
FNDA:2,System.Void TaskTracker.Processors.IOOperations::createBlackUserModelFile(System.String)
DA:33,2
DA:35,2
DA:36,0
DA:40,2
DA:41,2
DA:44,2
DA:45,2
BRDA:35,14,0,0
BRDA:35,14,1,2
FN:51,TaskTracker.Models.UserModel TaskTracker.Processors.IOOperations::LoadUserModel(System.String)
FNDA:5,TaskTracker.Models.UserModel TaskTracker.Processors.IOOperations::LoadUserModel(System.String)
DA:52,5
DA:53,5
DA:54,2
DA:57,5
DA:60,5
DA:62,5
DA:63,0
DA:66,5
DA:67,5
BRDA:53,17,0,2
BRDA:53,17,1,5
BRDA:62,52,0,0
BRDA:62,52,1,5
LF:23
LH:21
BRF:6
BRH:4
FNF:5
FNH:5
end_of_record
SF:/workspaces/cs690.Final.Project/TaskTrackerSolution/TaskTracker.Processors/LoginProcessor.cs
FN:13,System.Void TaskTracker.Processors.LoginProcessor::Login(System.String)
FNDA:4,System.Void TaskTracker.Processors.LoginProcessor::Login(System.String)
DA:14,4
DA:15,4
DA:17,4
DA:18,0
DA:21,4
DA:22,4
BRDA:17,22,0,0
BRDA:17,22,1,4
FN:24,System.Void TaskTracker.Processors.LoginProcessor::LogOut()
FNDA:3,System.Void TaskTracker.Processors.LoginProcessor::LogOut()
DA:25,3
DA:26,3
DA:28,3
DA:29,0
DA:32,3
DA:35,3
DA:36,3
BRDA:28,22,1,3
BRDA:28,22,0,3
FN:7,System.Void TaskTracker.Processors.LoginProcessor::.cctor()
FNDA:1,System.Void TaskTracker.Processors.LoginProcessor::.cctor()
DA:8,1
LF:14
LH:12
BRF:4
BRH:3
FNF:3
FNH:3
end_of_record
SF:/workspaces/cs690.Final.Project/TaskTrackerSolution/TaskTracker.Processors/TaskEntryProcessor.cs
FN:7,System.Boolean TaskTracker.Processors.TaskEntryProcessor::isTitleRegistered(TaskTracker.Models.UserModel,System.String)
FNDA:16,System.Boolean TaskTracker.Processors.TaskEntryProcessor::isTitleRegistered(TaskTracker.Models.UserModel,System.String)
DA:8,16
FN:10,System.Int32 TaskTracker.Processors.TaskEntryProcessor::getCurMaxEntryId(TaskTracker.Models.UserModel)
FNDA:14,System.Int32 TaskTracker.Processors.TaskEntryProcessor::getCurMaxEntryId(TaskTracker.Models.UserModel)
DA:11,14
BRDA:11,12,0,5
BRDA:11,12,1,4
FN:13,System.Void TaskTracker.Processors.TaskEntryProcessor::PurgeTasks(TaskTracker.Models.UserModel)
FNDA:1,System.Void TaskTracker.Processors.TaskEntryProcessor::PurgeTasks(TaskTracker.Models.UserModel)
DA:14,1
DA:15,1
DA:16,0
DA:18,6
DA:19,2
DA:20,2
DA:21,2
DA:25,2
DA:26,2
DA:28,2
DA:29,1
BRDA:15,12,1,1
BRDA:18,89,1,2
BRDA:21,47,1,2
BRDA:21,47,0,2
BRDA:15,12,0,1
BRDA:18,89,0,1
FN:31,System.Void TaskTracker.Processors.TaskEntryProcessor::DeleteTask(TaskTracker.Models.UserModel,System.Int32)
FNDA:2,System.Void TaskTracker.Processors.TaskEntryProcessor::DeleteTask(TaskTracker.Models.UserModel,System.Int32)
DA:32,2
DA:33,5
DA:34,1
DA:37,6
DA:38,2
DA:39,1
DA:40,1
BRDA:33,42,0,1
BRDA:33,42,1,1
BRDA:37,134,1,2
BRDA:38,86,0,1
BRDA:38,86,1,2
BRDA:37,134,0,1
FN:41,System.Void TaskTracker.Processors.TaskEntryProcessor::AddTask(TaskTracker.Models.UserModel,System.String,TaskTracker.Models.TaskEntryStatus,TaskTracker.Models.TaskEntryPriority,System.DateTime,System.String,System.String,System.String)
FNDA:10,System.Void TaskTracker.Processors.TaskEntryProcessor::AddTask(TaskTracker.Models.UserModel,System.String,TaskTracker.Models.TaskEntryStatus,TaskTracker.Models.TaskEntryPriority,System.DateTime,System.String,System.String,System.String)
DA:42,10
DA:44,10
DA:45,1
DA:48,9
DA:51,9
DA:52,9
DA:53,9
DA:54,9
DA:55,9
DA:56,9
DA:57,9
DA:58,9
DA:59,9
DA:60,9
DA:61,9
BRDA:44,10,0,1
BRDA:44,10,1,9
LF:35
LH:34
BRF:16
BRH:16
FNF:5
FNH:5
end_of_record
SF:/workspaces/cs690.Final.Project/TaskTrackerSolution/TaskTracker.Models/TaskEntry.cs
FN:29,System.Int32 TaskTracker.Models.TaskEntry::get_EntryId()
FNDA:47,System.Int32 TaskTracker.Models.TaskEntry::get_EntryId()
DA:30,47
FN:30,System.String TaskTracker.Models.TaskEntry::get_Title()
FNDA:62,System.String TaskTracker.Models.TaskEntry::get_Title()
DA:31,62
FN:32,System.String TaskTracker.Models.TaskEntry::get_TitleForCLI()
FNDA:15,System.String TaskTracker.Models.TaskEntry::get_TitleForCLI()
DA:33,15
DA:34,26
DA:35,11
DA:36,11
DA:37,15
DA:38,0
DA:39,0
DA:40,0
DA:41,15
DA:42,15
DA:43,0
DA:44,26
DA:46,15
DA:48,4
DA:50,11
DA:51,11
DA:52,15
BRDA:46,25,0,4
BRDA:46,25,1,11
FN:54,TaskTracker.Models.TaskEntryStatus TaskTracker.Models.TaskEntry::get_Status()
FNDA:59,TaskTracker.Models.TaskEntryStatus TaskTracker.Models.TaskEntry::get_Status()
DA:55,59
FN:56,System.String TaskTracker.Models.TaskEntry::get_StatusForTable()
FNDA:15,System.String TaskTracker.Models.TaskEntry::get_StatusForTable()
DA:57,15
DA:58,15
DA:61,7
DA:63,4
DA:65,4
DA:67,0
DA:68,15
BRDA:58,11,1,7
BRDA:58,11,2,4
BRDA:58,11,3,4
BRDA:58,11,0,0
FN:70,System.String TaskTracker.Models.TaskEntry::get_StatusForCLI()
FNDA:2,System.String TaskTracker.Models.TaskEntry::get_StatusForCLI()
DA:71,2
DA:72,2
DA:75,2
DA:77,0
DA:79,0
DA:81,0
DA:82,2
BRDA:72,11,1,2
BRDA:72,11,2,0
BRDA:72,11,3,0
BRDA:72,11,0,0
FN:84,TaskTracker.Models.TaskEntryPriority TaskTracker.Models.TaskEntry::get_Prioirty()
FNDA:38,TaskTracker.Models.TaskEntryPriority TaskTracker.Models.TaskEntry::get_Prioirty()
DA:85,38
FN:86,System.String TaskTracker.Models.TaskEntry::get_PriorityForTable()
FNDA:15,System.String TaskTracker.Models.TaskEntry::get_PriorityForTable()
DA:87,15
DA:88,15
DA:91,4
DA:93,4
DA:95,7
DA:97,0
DA:98,15
BRDA:88,11,3,4
BRDA:88,11,2,4
BRDA:88,11,1,7
BRDA:88,11,0,0
FN:101,System.String TaskTracker.Models.TaskEntry::get_PriorityForCLI()
FNDA:2,System.String TaskTracker.Models.TaskEntry::get_PriorityForCLI()
DA:102,2
DA:103,2
DA:106,0
DA:108,0
DA:110,2
DA:112,0
DA:113,2
BRDA:103,11,3,0
BRDA:103,11,2,0
BRDA:103,11,1,2
BRDA:103,11,0,0
FN:115,System.DateTime TaskTracker.Models.TaskEntry::get_DueDate()
FNDA:64,System.DateTime TaskTracker.Models.TaskEntry::get_DueDate()
DA:116,64
FN:117,System.String TaskTracker.Models.TaskEntry::get_DueDateAsString()
FNDA:15,System.String TaskTracker.Models.TaskEntry::get_DueDateAsString()
DA:118,15
FN:119,System.String TaskTracker.Models.TaskEntry::get_Description()
FNDA:41,System.String TaskTracker.Models.TaskEntry::get_Description()
DA:120,41
FN:121,System.String TaskTracker.Models.TaskEntry::get_Project()
FNDA:53,System.String TaskTracker.Models.TaskEntry::get_Project()
DA:122,53
FN:123,System.String TaskTracker.Models.TaskEntry::get_Material()
FNDA:53,System.String TaskTracker.Models.TaskEntry::get_Material()
DA:124,53
FN:126,System.Boolean TaskTracker.Models.TaskEntry::get_IsCompleted()
FNDA:4,System.Boolean TaskTracker.Models.TaskEntry::get_IsCompleted()
DA:127,4
DA:128,4
DA:131,1
DA:133,3
DA:135,4
BRDA:128,12,1,1
BRDA:128,12,0,3
FN:138,System.Boolean TaskTracker.Models.TaskEntry::get_IsOverdue()
FNDA:2,System.Boolean TaskTracker.Models.TaskEntry::get_IsOverdue()
DA:139,2
DA:140,2
DA:141,2
FN:4,System.Void TaskTracker.Models.TaskEntry::.ctor()
FNDA:3,System.Void TaskTracker.Models.TaskEntry::.ctor()
DA:5,3
FN:17,System.Void TaskTracker.Models.TaskEntry::.ctor(System.Int32,System.String,TaskTracker.Models.TaskEntryStatus,TaskTracker.Models.TaskEntryPriority,System.DateTime,System.String,System.String,System.String)
FNDA:18,System.Void TaskTracker.Models.TaskEntry::.ctor(System.Int32,System.String,TaskTracker.Models.TaskEntryStatus,TaskTracker.Models.TaskEntryPriority,System.DateTime,System.String,System.String,System.String)
DA:18,18
DA:19,18
DA:20,18
DA:21,18
DA:22,18
DA:23,18
DA:24,18
DA:25,18
DA:26,18
DA:27,18
DA:28,18
LF:74
LH:62
BRF:24
BRH:13
FNF:18
FNH:18
end_of_record
SF:/workspaces/cs690.Final.Project/TaskTrackerSolution/TaskTracker.Models/UserModel.cs
FN:6,System.String TaskTracker.Models.UserModel::get_UserName()
FNDA:51,System.String TaskTracker.Models.UserModel::get_UserName()
DA:7,51
FN:8,System.Collections.Generic.List`1<TaskTracker.Models.TaskEntry> TaskTracker.Models.UserModel::get_TaskEntries()
FNDA:99,System.Collections.Generic.List`1<TaskTracker.Models.TaskEntry> TaskTracker.Models.UserModel::get_TaskEntries()
DA:9,99
LF:2
LH:2
BRF:0
BRH:0
FNF:2
FNH:2
end_of_record