SF:/workspaces/cs690.Final.Project/TaskTrackerSolution/TaskTracker.Processors/ConsoleOutputProcessor.cs
FN:11,Spectre.Console.Table TaskTracker.Processors.ConsoleOutputProcessor::AsSpecterTable(TaskTracker.Models.TaskEntry)
FNDA:12,Spectre.Console.Table TaskTracker.Processors.ConsoleOutputProcessor::AsSpecterTable(TaskTracker.Models.TaskEntry)
DA:12,12
DA:14,12
DA:17,12
DA:18,12
DA:21,12
DA:22,12
DA:23,12
DA:24,12
DA:25,12
DA:26,12
DA:27,12
DA:29,12
DA:30,12
FN:32,Spectre.Console.Table TaskTracker.Processors.ConsoleOutputProcessor::AsSpecterTable(TaskTracker.Models.UserModel)
FNDA:1,Spectre.Console.Table TaskTracker.Processors.ConsoleOutputProcessor::AsSpecterTable(TaskTracker.Models.UserModel)
DA:33,1
DA:35,1
DA:38,1
DA:39,1
DA:40,1
DA:41,1
DA:42,1
DA:43,1
DA:44,1
DA:45,1
DA:48,1
DA:49,1
DA:52,0
DA:53,0
DA:55,0
DA:56,0
DA:58,2
DA:59,1
DA:61,0
DA:62,0
DA:66,5
DA:67,1
DA:68,1
DA:69,1
DA:70,1
DA:71,1
DA:72,1
DA:73,1
DA:74,1
DA:75,1
DA:76,1
DA:77,1
DA:78,1
DA:80,1
DA:81,1
BRDA:49,127,0,1
BRDA:49,133,0,1
BRDA:49,127,1,0
BRDA:49,133,1,0
BRDA:49,139,1,1
BRDA:49,139,0,0
BRDA:66,480,1,1
BRDA:66,480,0,1
LF:48
LH:42
BRF:8
BRH:5
FNF:2
FNH:2
end_of_record
SF:/workspaces/cs690.Final.Project/TaskTrackerSolution/TaskTracker.Processors/IOOperations.cs
FN:9,System.String TaskTracker.Processors.IOOperationsHelper::GetUserModelFileName(TaskTracker.Models.UserModel)
FNDA:9,System.String TaskTracker.Processors.IOOperationsHelper::GetUserModelFileName(TaskTracker.Models.UserModel)
DA:10,9
FN:12,System.String TaskTracker.Processors.IOOperationsHelper::GetUserModelFileNameFromUserName(System.String)
FNDA:21,System.String TaskTracker.Processors.IOOperationsHelper::GetUserModelFileNameFromUserName(System.String)
DA:13,21
FN:22,System.Void TaskTracker.Processors.IOOperations::SaveUserModel(TaskTracker.Models.UserModel)
FNDA:7,System.Void TaskTracker.Processors.IOOperations::SaveUserModel(TaskTracker.Models.UserModel)
DA:23,7
DA:25,7
DA:28,7
DA:30,7
DA:31,14
FN:32,System.Void TaskTracker.Processors.IOOperations::createBlackUserModelFile(System.String)
FNDA:2,System.Void TaskTracker.Processors.IOOperations::createBlackUserModelFile(System.String)
DA:33,2
DA:35,2
DA:36,0
DA:40,2
DA:41,2
DA:44,2
DA:45,2
BRDA:35,14,0,0
BRDA:35,14,1,2
FN:51,TaskTracker.Models.UserModel TaskTracker.Processors.IOOperations::LoadUserModel(System.String)
FNDA:5,TaskTracker.Models.UserModel TaskTracker.Processors.IOOperations::LoadUserModel(System.String)
DA:52,5
DA:53,5
DA:54,2
DA:57,5
DA:60,5
DA:62,5
DA:63,0
DA:66,5
DA:67,5
BRDA:53,17,0,2
BRDA:53,17,1,5
BRDA:62,52,0,0
BRDA:62,52,1,5
LF:23
LH:21
BRF:6
BRH:4
FNF:5
FNH:5
end_of_record
SF:/workspaces/cs690.Final.Project/TaskTrackerSolution/TaskTracker.Processors/LoginProcessor.cs
FN:13,System.Void TaskTracker.Processors.LoginProcessor::Login(System.String)
FNDA:4,System.Void TaskTracker.Processors.LoginProcessor::Login(System.String)
DA:14,4
DA:15,4
DA:17,4
DA:18,0
DA:21,4
DA:22,4
BRDA:17,22,0,0
BRDA:17,22,1,4
FN:24,System.Void TaskTracker.Processors.LoginProcessor::LogOut()
FNDA:3,System.Void TaskTracker.Processors.LoginProcessor::LogOut()
DA:25,3
DA:26,3
DA:28,3
DA:29,0
DA:32,3
DA:35,3
DA:36,3
BRDA:28,22,1,3
BRDA:28,22,0,3
FN:7,System.Void TaskTracker.Processors.LoginProcessor::.cctor()
FNDA:1,System.Void TaskTracker.Processors.LoginProcessor::.cctor()
DA:8,1
LF:14
LH:12
BRF:4
BRH:3
FNF:3
FNH:3
end_of_record
SF:/workspaces/cs690.Final.Project/TaskTrackerSolution/TaskTracker.Processors/TaskEntryProcessor.cs
FN:7,System.Boolean TaskTracker.Processors.TaskEntryProcessor::isTitleRegistered(TaskTracker.Models.UserModel,System.String)
FNDA:16,System.Boolean TaskTracker.Processors.TaskEntryProcessor::isTitleRegistered(TaskTracker.Models.UserModel,System.String)
DA:8,16
FN:10,System.Int32 TaskTracker.Processors.TaskEntryProcessor::getCurMaxEntryId(TaskTracker.Models.UserModel)
FNDA:14,System.Int32 TaskTracker.Processors.TaskEntryProcessor::getCurMaxEntryId(TaskTracker.Models.UserModel)
DA:11,14
BRDA:11,12,0,5
BRDA:11,12,1,4
FN:13,System.Void TaskTracker.Processors.TaskEntryProcessor::PurgeTasks(TaskTracker.Models.UserModel)
FNDA:1,System.Void TaskTracker.Processors.TaskEntryProcessor::PurgeTasks(TaskTracker.Models.UserModel)
DA:14,1
DA:15,1
DA:16,0
DA:18,6
DA:19,2
DA:20,2
DA:21,2
DA:25,2
DA:26,2
DA:28,2
DA:29,1
BRDA:15,12,1,1
BRDA:18,89,1,2
BRDA:21,47,1,2
BRDA:21,47,0,2
BRDA:15,12,0,1
BRDA:18,89,0,1
FN:31,System.Void TaskTracker.Processors.TaskEntryProcessor::DeleteTask(TaskTracker.Models.UserModel,System.Int32)
FNDA:2,System.Void TaskTracker.Processors.TaskEntryProcessor::DeleteTask(TaskTracker.Models.UserModel,System.Int32)
DA:32,2
DA:33,5
DA:34,1
DA:37,6
DA:38,2
DA:39,1
DA:40,1
BRDA:33,42,0,1
BRDA:33,42,1,1
BRDA:37,134,1,2
BRDA:38,86,0,1
BRDA:38,86,1,2
BRDA:37,134,0,1
FN:41,System.Void TaskTracker.Processors.TaskEntryProcessor::AddTask(TaskTracker.Models.UserModel,System.String,TaskTracker.Models.TaskEntryStatus,TaskTracker.Models.TaskEntryPriority,System.DateTime,System.String,System.String,System.String)
FNDA:10,System.Void TaskTracker.Processors.TaskEntryProcessor::AddTask(TaskTracker.Models.UserModel,System.String,TaskTracker.Models.TaskEntryStatus,TaskTracker.Models.TaskEntryPriority,System.DateTime,System.String,System.String,System.String)
DA:42,10
DA:44,10
DA:45,1
DA:48,9
DA:51,9
DA:52,9
DA:53,9
DA:54,9
DA:55,9
DA:56,9
DA:57,9
DA:58,9
DA:59,9
DA:60,9
DA:61,9
BRDA:44,10,0,1
BRDA:44,10,1,9
LF:35
LH:34
BRF:16
BRH:16
FNF:5
FNH:5
end_of_record
SF:/workspaces/cs690.Final.Project/TaskTrackerSolution/TaskTracker.Models/TaskEntry.cs
FN:29,System.Int32 TaskTracker.Models.TaskEntry::get_EntryId()
FNDA:47,System.Int32 TaskTracker.Models.TaskEntry::get_EntryId()
DA:30,47
FN:30,System.String TaskTracker.Models.TaskEntry::get_Title()
FNDA:62,System.String TaskTracker.Models.TaskEntry::get_Title()
DA:31,62
FN:32,System.String TaskTracker.Models.TaskEntry::get_TitleForCLI()
FNDA:15,System.String TaskTracker.Models.TaskEntry::get_TitleForCLI()
DA:33,15
DA:34,30
DA:35,15
DA:36,15
DA:37,15
DA:38,0
DA:39,0
DA:40,0
DA:41,15
DA:42,15
DA:43,0
DA:44,30
DA:45,15
DA:46,15
FN:48,TaskTracker.Models.TaskEntryStatus TaskTracker.Models.TaskEntry::get_Status()
FNDA:44,TaskTracker.Models.TaskEntryStatus TaskTracker.Models.TaskEntry::get_Status()
DA:49,44
FN:50,System.String TaskTracker.Models.TaskEntry::get_StatusForTable()
FNDA:15,System.String TaskTracker.Models.TaskEntry::get_StatusForTable()
DA:51,15
DA:52,15
DA:55,7
DA:57,4
DA:59,4
DA:61,0
DA:62,15
BRDA:52,11,1,7
BRDA:52,11,2,4
BRDA:52,11,3,4
BRDA:52,11,0,0
FN:64,System.String TaskTracker.Models.TaskEntry::get_StatusForCLI()
FNDA:2,System.String TaskTracker.Models.TaskEntry::get_StatusForCLI()
DA:65,2
DA:66,2
DA:69,2
DA:71,0
DA:73,0
DA:75,0
DA:76,2
BRDA:66,11,1,2
BRDA:66,11,2,0
BRDA:66,11,3,0
BRDA:66,11,0,0
FN:78,TaskTracker.Models.TaskEntryPriority TaskTracker.Models.TaskEntry::get_Prioirty()
FNDA:38,TaskTracker.Models.TaskEntryPriority TaskTracker.Models.TaskEntry::get_Prioirty()
DA:79,38
FN:80,System.String TaskTracker.Models.TaskEntry::get_PriorityForTable()
FNDA:15,System.String TaskTracker.Models.TaskEntry::get_PriorityForTable()
DA:81,15
DA:82,15
DA:85,4
DA:87,4
DA:89,7
DA:91,0
DA:92,15
BRDA:82,11,3,4
BRDA:82,11,2,4
BRDA:82,11,1,7
BRDA:82,11,0,0
FN:95,System.String TaskTracker.Models.TaskEntry::get_PriorityForCLI()
FNDA:2,System.String TaskTracker.Models.TaskEntry::get_PriorityForCLI()
DA:96,2
DA:97,2
DA:100,0
DA:102,0
DA:104,2
DA:106,0
DA:107,2
BRDA:97,11,3,0
BRDA:97,11,2,0
BRDA:97,11,1,2
BRDA:97,11,0,0
FN:109,System.DateTime TaskTracker.Models.TaskEntry::get_DueDate()
FNDA:68,System.DateTime TaskTracker.Models.TaskEntry::get_DueDate()
DA:110,68
FN:111,System.String TaskTracker.Models.TaskEntry::get_DueDateAsString()
FNDA:15,System.String TaskTracker.Models.TaskEntry::get_DueDateAsString()
DA:112,15
FN:113,System.String TaskTracker.Models.TaskEntry::get_Description()
FNDA:41,System.String TaskTracker.Models.TaskEntry::get_Description()
DA:114,41
FN:115,System.String TaskTracker.Models.TaskEntry::get_Project()
FNDA:53,System.String TaskTracker.Models.TaskEntry::get_Project()
DA:116,53
FN:117,System.String TaskTracker.Models.TaskEntry::get_Material()
FNDA:53,System.String TaskTracker.Models.TaskEntry::get_Material()
DA:118,53
FN:120,System.Boolean TaskTracker.Models.TaskEntry::get_IsCompleted()
FNDA:4,System.Boolean TaskTracker.Models.TaskEntry::get_IsCompleted()
DA:121,4
DA:122,4
DA:125,1
DA:127,3
DA:129,4
BRDA:122,12,1,1
BRDA:122,12,0,3
FN:132,System.Boolean TaskTracker.Models.TaskEntry::get_IsOverdue()
FNDA:2,System.Boolean TaskTracker.Models.TaskEntry::get_IsOverdue()
DA:133,2
DA:134,2
DA:135,2
FN:4,System.Void TaskTracker.Models.TaskEntry::.ctor()
FNDA:3,System.Void TaskTracker.Models.TaskEntry::.ctor()
DA:5,3
FN:17,System.Void TaskTracker.Models.TaskEntry::.ctor(System.Int32,System.String,TaskTracker.Models.TaskEntryStatus,TaskTracker.Models.TaskEntryPriority,System.DateTime,System.String,System.String,System.String)
FNDA:18,System.Void TaskTracker.Models.TaskEntry::.ctor(System.Int32,System.String,TaskTracker.Models.TaskEntryStatus,TaskTracker.Models.TaskEntryPriority,System.DateTime,System.String,System.String,System.String)
DA:18,18
DA:19,18
DA:20,18
DA:21,18
DA:22,18
DA:23,18
DA:24,18
DA:25,18
DA:26,18
DA:27,18
DA:28,18
LF:71
LH:59
BRF:22
BRH:11
FNF:18
FNH:18
end_of_record
SF:/workspaces/cs690.Final.Project/TaskTrackerSolution/TaskTracker.Models/UserModel.cs
FN:6,System.String TaskTracker.Models.UserModel::get_UserName()
FNDA:51,System.String TaskTracker.Models.UserModel::get_UserName()
DA:7,51
FN:8,System.Collections.Generic.List`1<TaskTracker.Models.TaskEntry> TaskTracker.Models.UserModel::get_TaskEntries()
FNDA:99,System.Collections.Generic.List`1<TaskTracker.Models.TaskEntry> TaskTracker.Models.UserModel::get_TaskEntries()
DA:9,99
LF:2
LH:2
BRF:0
BRH:0
FNF:2
FNH:2
end_of_record